<?xml version="1.0"?>
<testsuite name="PhantomJS 2.1.1 (Windows 7 0.0.0)" package="" timestamp="2016-07-30T04:04:49" id="0" hostname="Win7Ultimate-PC" tests="39" errors="1" failures="39" time="1.066">
  <properties>
    <property name="browser.fullName" value="Mozilla/5.0 (Windows NT 6.1; WOW64) AppleWebKit/538.1 (KHTML, like Gecko) PhantomJS/2.1.1 Safari/538.1"/>
  </properties>
  <testcase name="Controller Tests ActivationController calls Auth.activateAccount with the key from stateParams" time="0.06" classname="PhantomJS_2_1_1_(Windows_7_0_0_0).Controller Tests">
    <failure type="">C:/Development/Java/eclipse_workspace/myprop/src/main/webapp/bower_components/angular/angular.js:9:139506
forEach@C:/Development/Java/eclipse_workspace/myprop/src/main/webapp/bower_components/angular/angular.js:9:7090
loadModules@C:/Development/Java/eclipse_workspace/myprop/src/main/webapp/bower_components/angular/angular.js:9:136717
createInjector@C:/Development/Java/eclipse_workspace/myprop/src/main/webapp/bower_components/angular/angular.js:9:132123
workFn@C:/Development/Java/eclipse_workspace/myprop/src/main/webapp/bower_components/angular-mocks/angular-mocks.js:9:155386
inject@C:/Development/Java/eclipse_workspace/myprop/src/main/webapp/bower_components/angular-mocks/angular-mocks.js:9:153895
mockApiAccountCall@C:/Development/Java/eclipse_workspace/myprop/src/test/javascript/spec/helpers/httpBackend.js:9:113
</failure>
    <failure type="">C:/Development/Java/eclipse_workspace/myprop/src/main/webapp/bower_components/angular/angular.js:9:139506
forEach@C:/Development/Java/eclipse_workspace/myprop/src/main/webapp/bower_components/angular/angular.js:9:7090
loadModules@C:/Development/Java/eclipse_workspace/myprop/src/main/webapp/bower_components/angular/angular.js:9:136717
createInjector@C:/Development/Java/eclipse_workspace/myprop/src/main/webapp/bower_components/angular/angular.js:9:132123
workFn@C:/Development/Java/eclipse_workspace/myprop/src/main/webapp/bower_components/angular-mocks/angular-mocks.js:9:155386
inject@C:/Development/Java/eclipse_workspace/myprop/src/main/webapp/bower_components/angular-mocks/angular-mocks.js:9:153895
mockI18nCalls@C:/Development/Java/eclipse_workspace/myprop/src/test/javascript/spec/helpers/httpBackend.js:9:375
</failure>
    <failure type="">C:/Development/Java/eclipse_workspace/myprop/src/main/webapp/bower_components/angular/angular.js:9:139506
forEach@C:/Development/Java/eclipse_workspace/myprop/src/main/webapp/bower_components/angular/angular.js:9:7090
loadModules@C:/Development/Java/eclipse_workspace/myprop/src/main/webapp/bower_components/angular/angular.js:9:136717
createInjector@C:/Development/Java/eclipse_workspace/myprop/src/main/webapp/bower_components/angular/angular.js:9:132123
workFn@C:/Development/Java/eclipse_workspace/myprop/src/main/webapp/bower_components/angular-mocks/angular-mocks.js:9:155386
</failure>
    <failure type="">TypeError: undefined is not an object (evaluating 'MockAuth.activateAccount') in C:/Development/Java/eclipse_workspace/myprop/src/test/javascript/spec/app/account/activate/activate.controller.spec.js (line 9)
C:/Development/Java/eclipse_workspace/myprop/src/test/javascript/spec/app/account/activate/activate.controller.spec.js:9:2014
</failure>
  </testcase>
  <testcase name="Controller Tests ActivationController should set set success to OK upon successful activation" time="0.022" classname="PhantomJS_2_1_1_(Windows_7_0_0_0).Controller Tests">
    <failure type="">C:/Development/Java/eclipse_workspace/myprop/src/main/webapp/bower_components/angular/angular.js:9:139506
forEach@C:/Development/Java/eclipse_workspace/myprop/src/main/webapp/bower_components/angular/angular.js:9:7090
loadModules@C:/Development/Java/eclipse_workspace/myprop/src/main/webapp/bower_components/angular/angular.js:9:136717
createInjector@C:/Development/Java/eclipse_workspace/myprop/src/main/webapp/bower_components/angular/angular.js:9:132123
workFn@C:/Development/Java/eclipse_workspace/myprop/src/main/webapp/bower_components/angular-mocks/angular-mocks.js:9:155386
inject@C:/Development/Java/eclipse_workspace/myprop/src/main/webapp/bower_components/angular-mocks/angular-mocks.js:9:153895
mockApiAccountCall@C:/Development/Java/eclipse_workspace/myprop/src/test/javascript/spec/helpers/httpBackend.js:9:113
</failure>
    <failure type="">C:/Development/Java/eclipse_workspace/myprop/src/main/webapp/bower_components/angular/angular.js:9:139506
forEach@C:/Development/Java/eclipse_workspace/myprop/src/main/webapp/bower_components/angular/angular.js:9:7090
loadModules@C:/Development/Java/eclipse_workspace/myprop/src/main/webapp/bower_components/angular/angular.js:9:136717
createInjector@C:/Development/Java/eclipse_workspace/myprop/src/main/webapp/bower_components/angular/angular.js:9:132123
workFn@C:/Development/Java/eclipse_workspace/myprop/src/main/webapp/bower_components/angular-mocks/angular-mocks.js:9:155386
inject@C:/Development/Java/eclipse_workspace/myprop/src/main/webapp/bower_components/angular-mocks/angular-mocks.js:9:153895
mockI18nCalls@C:/Development/Java/eclipse_workspace/myprop/src/test/javascript/spec/helpers/httpBackend.js:9:375
</failure>
    <failure type="">C:/Development/Java/eclipse_workspace/myprop/src/main/webapp/bower_components/angular/angular.js:9:139506
forEach@C:/Development/Java/eclipse_workspace/myprop/src/main/webapp/bower_components/angular/angular.js:9:7090
loadModules@C:/Development/Java/eclipse_workspace/myprop/src/main/webapp/bower_components/angular/angular.js:9:136717
createInjector@C:/Development/Java/eclipse_workspace/myprop/src/main/webapp/bower_components/angular/angular.js:9:132123
workFn@C:/Development/Java/eclipse_workspace/myprop/src/main/webapp/bower_components/angular-mocks/angular-mocks.js:9:155386
</failure>
    <failure type="">TypeError: undefined is not an object (evaluating 'MockAuth.activateAccount') in C:/Development/Java/eclipse_workspace/myprop/src/test/javascript/spec/app/account/activate/activate.controller.spec.js (line 9)
C:/Development/Java/eclipse_workspace/myprop/src/test/javascript/spec/app/account/activate/activate.controller.spec.js:9:2440
</failure>
  </testcase>
  <testcase name="Controller Tests ActivationController should set set error to ERROR upon activation failure" time="0.024" classname="PhantomJS_2_1_1_(Windows_7_0_0_0).Controller Tests">
    <failure type="">C:/Development/Java/eclipse_workspace/myprop/src/main/webapp/bower_components/angular/angular.js:9:139506
forEach@C:/Development/Java/eclipse_workspace/myprop/src/main/webapp/bower_components/angular/angular.js:9:7090
loadModules@C:/Development/Java/eclipse_workspace/myprop/src/main/webapp/bower_components/angular/angular.js:9:136717
createInjector@C:/Development/Java/eclipse_workspace/myprop/src/main/webapp/bower_components/angular/angular.js:9:132123
workFn@C:/Development/Java/eclipse_workspace/myprop/src/main/webapp/bower_components/angular-mocks/angular-mocks.js:9:155386
inject@C:/Development/Java/eclipse_workspace/myprop/src/main/webapp/bower_components/angular-mocks/angular-mocks.js:9:153895
mockApiAccountCall@C:/Development/Java/eclipse_workspace/myprop/src/test/javascript/spec/helpers/httpBackend.js:9:113
</failure>
    <failure type="">C:/Development/Java/eclipse_workspace/myprop/src/main/webapp/bower_components/angular/angular.js:9:139506
forEach@C:/Development/Java/eclipse_workspace/myprop/src/main/webapp/bower_components/angular/angular.js:9:7090
loadModules@C:/Development/Java/eclipse_workspace/myprop/src/main/webapp/bower_components/angular/angular.js:9:136717
createInjector@C:/Development/Java/eclipse_workspace/myprop/src/main/webapp/bower_components/angular/angular.js:9:132123
workFn@C:/Development/Java/eclipse_workspace/myprop/src/main/webapp/bower_components/angular-mocks/angular-mocks.js:9:155386
inject@C:/Development/Java/eclipse_workspace/myprop/src/main/webapp/bower_components/angular-mocks/angular-mocks.js:9:153895
mockI18nCalls@C:/Development/Java/eclipse_workspace/myprop/src/test/javascript/spec/helpers/httpBackend.js:9:375
</failure>
    <failure type="">C:/Development/Java/eclipse_workspace/myprop/src/main/webapp/bower_components/angular/angular.js:9:139506
forEach@C:/Development/Java/eclipse_workspace/myprop/src/main/webapp/bower_components/angular/angular.js:9:7090
loadModules@C:/Development/Java/eclipse_workspace/myprop/src/main/webapp/bower_components/angular/angular.js:9:136717
createInjector@C:/Development/Java/eclipse_workspace/myprop/src/main/webapp/bower_components/angular/angular.js:9:132123
workFn@C:/Development/Java/eclipse_workspace/myprop/src/main/webapp/bower_components/angular-mocks/angular-mocks.js:9:155386
</failure>
    <failure type="">TypeError: undefined is not an object (evaluating 'MockAuth.activateAccount') in C:/Development/Java/eclipse_workspace/myprop/src/test/javascript/spec/app/account/activate/activate.controller.spec.js (line 9)
C:/Development/Java/eclipse_workspace/myprop/src/test/javascript/spec/app/account/activate/activate.controller.spec.js:9:2908
</failure>
  </testcase>
  <testcase name="Directive Tests Password strength Should display the password strength bar" time="0.026" classname="PhantomJS_2_1_1_(Windows_7_0_0_0).Directive Tests">
    <failure type="">C:/Development/Java/eclipse_workspace/myprop/src/main/webapp/bower_components/angular/angular.js:9:139506
forEach@C:/Development/Java/eclipse_workspace/myprop/src/main/webapp/bower_components/angular/angular.js:9:7090
loadModules@C:/Development/Java/eclipse_workspace/myprop/src/main/webapp/bower_components/angular/angular.js:9:136717
createInjector@C:/Development/Java/eclipse_workspace/myprop/src/main/webapp/bower_components/angular/angular.js:9:132123
workFn@C:/Development/Java/eclipse_workspace/myprop/src/main/webapp/bower_components/angular-mocks/angular-mocks.js:9:155386
inject@C:/Development/Java/eclipse_workspace/myprop/src/main/webapp/bower_components/angular-mocks/angular-mocks.js:9:153895
mockApiAccountCall@C:/Development/Java/eclipse_workspace/myprop/src/test/javascript/spec/helpers/httpBackend.js:9:113
</failure>
    <failure type="">C:/Development/Java/eclipse_workspace/myprop/src/main/webapp/bower_components/angular/angular.js:9:139506
forEach@C:/Development/Java/eclipse_workspace/myprop/src/main/webapp/bower_components/angular/angular.js:9:7090
loadModules@C:/Development/Java/eclipse_workspace/myprop/src/main/webapp/bower_components/angular/angular.js:9:136717
createInjector@C:/Development/Java/eclipse_workspace/myprop/src/main/webapp/bower_components/angular/angular.js:9:132123
workFn@C:/Development/Java/eclipse_workspace/myprop/src/main/webapp/bower_components/angular-mocks/angular-mocks.js:9:155386
inject@C:/Development/Java/eclipse_workspace/myprop/src/main/webapp/bower_components/angular-mocks/angular-mocks.js:9:153895
mockI18nCalls@C:/Development/Java/eclipse_workspace/myprop/src/test/javascript/spec/helpers/httpBackend.js:9:375
</failure>
    <failure type="">C:/Development/Java/eclipse_workspace/myprop/src/main/webapp/bower_components/angular/angular.js:9:139506
forEach@C:/Development/Java/eclipse_workspace/myprop/src/main/webapp/bower_components/angular/angular.js:9:7090
loadModules@C:/Development/Java/eclipse_workspace/myprop/src/main/webapp/bower_components/angular/angular.js:9:136717
createInjector@C:/Development/Java/eclipse_workspace/myprop/src/main/webapp/bower_components/angular/angular.js:9:132123
workFn@C:/Development/Java/eclipse_workspace/myprop/src/main/webapp/bower_components/angular-mocks/angular-mocks.js:9:155386
</failure>
    <failure type="">TypeError: undefined is not an object (evaluating 'elm.find') in C:/Development/Java/eclipse_workspace/myprop/src/test/javascript/spec/app/account/password/password-strength-bar.directive.spec.js (line 9)
C:/Development/Java/eclipse_workspace/myprop/src/test/javascript/spec/app/account/password/password-strength-bar.directive.spec.js:9:1219
</failure>
  </testcase>
  <testcase name="Directive Tests Password strength Should change the first 2 points of the strength bar" time="0.027" classname="PhantomJS_2_1_1_(Windows_7_0_0_0).Directive Tests">
    <failure type="">C:/Development/Java/eclipse_workspace/myprop/src/main/webapp/bower_components/angular/angular.js:9:139506
forEach@C:/Development/Java/eclipse_workspace/myprop/src/main/webapp/bower_components/angular/angular.js:9:7090
loadModules@C:/Development/Java/eclipse_workspace/myprop/src/main/webapp/bower_components/angular/angular.js:9:136717
createInjector@C:/Development/Java/eclipse_workspace/myprop/src/main/webapp/bower_components/angular/angular.js:9:132123
workFn@C:/Development/Java/eclipse_workspace/myprop/src/main/webapp/bower_components/angular-mocks/angular-mocks.js:9:155386
inject@C:/Development/Java/eclipse_workspace/myprop/src/main/webapp/bower_components/angular-mocks/angular-mocks.js:9:153895
mockApiAccountCall@C:/Development/Java/eclipse_workspace/myprop/src/test/javascript/spec/helpers/httpBackend.js:9:113
</failure>
    <failure type="">C:/Development/Java/eclipse_workspace/myprop/src/main/webapp/bower_components/angular/angular.js:9:139506
forEach@C:/Development/Java/eclipse_workspace/myprop/src/main/webapp/bower_components/angular/angular.js:9:7090
loadModules@C:/Development/Java/eclipse_workspace/myprop/src/main/webapp/bower_components/angular/angular.js:9:136717
createInjector@C:/Development/Java/eclipse_workspace/myprop/src/main/webapp/bower_components/angular/angular.js:9:132123
workFn@C:/Development/Java/eclipse_workspace/myprop/src/main/webapp/bower_components/angular-mocks/angular-mocks.js:9:155386
inject@C:/Development/Java/eclipse_workspace/myprop/src/main/webapp/bower_components/angular-mocks/angular-mocks.js:9:153895
mockI18nCalls@C:/Development/Java/eclipse_workspace/myprop/src/test/javascript/spec/helpers/httpBackend.js:9:375
</failure>
    <failure type="">C:/Development/Java/eclipse_workspace/myprop/src/main/webapp/bower_components/angular/angular.js:9:139506
forEach@C:/Development/Java/eclipse_workspace/myprop/src/main/webapp/bower_components/angular/angular.js:9:7090
loadModules@C:/Development/Java/eclipse_workspace/myprop/src/main/webapp/bower_components/angular/angular.js:9:136717
createInjector@C:/Development/Java/eclipse_workspace/myprop/src/main/webapp/bower_components/angular/angular.js:9:132123
workFn@C:/Development/Java/eclipse_workspace/myprop/src/main/webapp/bower_components/angular-mocks/angular-mocks.js:9:155386
</failure>
    <failure type="">TypeError: undefined is not an object (evaluating 'scope.$apply') in C:/Development/Java/eclipse_workspace/myprop/src/test/javascript/spec/app/account/password/password-strength-bar.directive.spec.js (line 9)
C:/Development/Java/eclipse_workspace/myprop/src/test/javascript/spec/app/account/password/password-strength-bar.directive.spec.js:9:2444
</failure>
  </testcase>
  <testcase name="Directive Tests Password strength Should change the first 4 points of the strength bar" time="0.029" classname="PhantomJS_2_1_1_(Windows_7_0_0_0).Directive Tests">
    <failure type="">C:/Development/Java/eclipse_workspace/myprop/src/main/webapp/bower_components/angular/angular.js:9:139506
forEach@C:/Development/Java/eclipse_workspace/myprop/src/main/webapp/bower_components/angular/angular.js:9:7090
loadModules@C:/Development/Java/eclipse_workspace/myprop/src/main/webapp/bower_components/angular/angular.js:9:136717
createInjector@C:/Development/Java/eclipse_workspace/myprop/src/main/webapp/bower_components/angular/angular.js:9:132123
workFn@C:/Development/Java/eclipse_workspace/myprop/src/main/webapp/bower_components/angular-mocks/angular-mocks.js:9:155386
inject@C:/Development/Java/eclipse_workspace/myprop/src/main/webapp/bower_components/angular-mocks/angular-mocks.js:9:153895
mockApiAccountCall@C:/Development/Java/eclipse_workspace/myprop/src/test/javascript/spec/helpers/httpBackend.js:9:113
</failure>
    <failure type="">C:/Development/Java/eclipse_workspace/myprop/src/main/webapp/bower_components/angular/angular.js:9:139506
forEach@C:/Development/Java/eclipse_workspace/myprop/src/main/webapp/bower_components/angular/angular.js:9:7090
loadModules@C:/Development/Java/eclipse_workspace/myprop/src/main/webapp/bower_components/angular/angular.js:9:136717
createInjector@C:/Development/Java/eclipse_workspace/myprop/src/main/webapp/bower_components/angular/angular.js:9:132123
workFn@C:/Development/Java/eclipse_workspace/myprop/src/main/webapp/bower_components/angular-mocks/angular-mocks.js:9:155386
inject@C:/Development/Java/eclipse_workspace/myprop/src/main/webapp/bower_components/angular-mocks/angular-mocks.js:9:153895
mockI18nCalls@C:/Development/Java/eclipse_workspace/myprop/src/test/javascript/spec/helpers/httpBackend.js:9:375
</failure>
    <failure type="">C:/Development/Java/eclipse_workspace/myprop/src/main/webapp/bower_components/angular/angular.js:9:139506
forEach@C:/Development/Java/eclipse_workspace/myprop/src/main/webapp/bower_components/angular/angular.js:9:7090
loadModules@C:/Development/Java/eclipse_workspace/myprop/src/main/webapp/bower_components/angular/angular.js:9:136717
createInjector@C:/Development/Java/eclipse_workspace/myprop/src/main/webapp/bower_components/angular/angular.js:9:132123
workFn@C:/Development/Java/eclipse_workspace/myprop/src/main/webapp/bower_components/angular-mocks/angular-mocks.js:9:155386
</failure>
    <failure type="">TypeError: undefined is not an object (evaluating 'scope.$apply') in C:/Development/Java/eclipse_workspace/myprop/src/test/javascript/spec/app/account/password/password-strength-bar.directive.spec.js (line 9)
C:/Development/Java/eclipse_workspace/myprop/src/test/javascript/spec/app/account/password/password-strength-bar.directive.spec.js:9:3447
</failure>
  </testcase>
  <testcase name="Controller Tests PasswordController should show error if passwords do not match" time="0.032" classname="PhantomJS_2_1_1_(Windows_7_0_0_0).Controller Tests">
    <failure type="">C:/Development/Java/eclipse_workspace/myprop/src/main/webapp/bower_components/angular/angular.js:9:139506
forEach@C:/Development/Java/eclipse_workspace/myprop/src/main/webapp/bower_components/angular/angular.js:9:7090
loadModules@C:/Development/Java/eclipse_workspace/myprop/src/main/webapp/bower_components/angular/angular.js:9:136717
createInjector@C:/Development/Java/eclipse_workspace/myprop/src/main/webapp/bower_components/angular/angular.js:9:132123
workFn@C:/Development/Java/eclipse_workspace/myprop/src/main/webapp/bower_components/angular-mocks/angular-mocks.js:9:155386
inject@C:/Development/Java/eclipse_workspace/myprop/src/main/webapp/bower_components/angular-mocks/angular-mocks.js:9:153895
mockApiAccountCall@C:/Development/Java/eclipse_workspace/myprop/src/test/javascript/spec/helpers/httpBackend.js:9:113
</failure>
    <failure type="">C:/Development/Java/eclipse_workspace/myprop/src/main/webapp/bower_components/angular/angular.js:9:139506
forEach@C:/Development/Java/eclipse_workspace/myprop/src/main/webapp/bower_components/angular/angular.js:9:7090
loadModules@C:/Development/Java/eclipse_workspace/myprop/src/main/webapp/bower_components/angular/angular.js:9:136717
createInjector@C:/Development/Java/eclipse_workspace/myprop/src/main/webapp/bower_components/angular/angular.js:9:132123
workFn@C:/Development/Java/eclipse_workspace/myprop/src/main/webapp/bower_components/angular-mocks/angular-mocks.js:9:155386
inject@C:/Development/Java/eclipse_workspace/myprop/src/main/webapp/bower_components/angular-mocks/angular-mocks.js:9:153895
mockI18nCalls@C:/Development/Java/eclipse_workspace/myprop/src/test/javascript/spec/helpers/httpBackend.js:9:375
</failure>
    <failure type="">C:/Development/Java/eclipse_workspace/myprop/src/main/webapp/bower_components/angular/angular.js:9:139506
forEach@C:/Development/Java/eclipse_workspace/myprop/src/main/webapp/bower_components/angular/angular.js:9:7090
loadModules@C:/Development/Java/eclipse_workspace/myprop/src/main/webapp/bower_components/angular/angular.js:9:136717
createInjector@C:/Development/Java/eclipse_workspace/myprop/src/main/webapp/bower_components/angular/angular.js:9:132123
workFn@C:/Development/Java/eclipse_workspace/myprop/src/main/webapp/bower_components/angular-mocks/angular-mocks.js:9:155386
</failure>
    <failure type="">TypeError: undefined is not a constructor (evaluating 'createController()') in C:/Development/Java/eclipse_workspace/myprop/src/test/javascript/spec/app/account/password/password.controller.spec.js (line 9)
C:/Development/Java/eclipse_workspace/myprop/src/test/javascript/spec/app/account/password/password.controller.spec.js:9:1795
</failure>
  </testcase>
  <testcase name="Controller Tests PasswordController should call Auth.changePassword when passwords match" time="0.048" classname="PhantomJS_2_1_1_(Windows_7_0_0_0).Controller Tests">
    <failure type="">C:/Development/Java/eclipse_workspace/myprop/src/main/webapp/bower_components/angular/angular.js:9:139506
forEach@C:/Development/Java/eclipse_workspace/myprop/src/main/webapp/bower_components/angular/angular.js:9:7090
loadModules@C:/Development/Java/eclipse_workspace/myprop/src/main/webapp/bower_components/angular/angular.js:9:136717
createInjector@C:/Development/Java/eclipse_workspace/myprop/src/main/webapp/bower_components/angular/angular.js:9:132123
workFn@C:/Development/Java/eclipse_workspace/myprop/src/main/webapp/bower_components/angular-mocks/angular-mocks.js:9:155386
inject@C:/Development/Java/eclipse_workspace/myprop/src/main/webapp/bower_components/angular-mocks/angular-mocks.js:9:153895
mockApiAccountCall@C:/Development/Java/eclipse_workspace/myprop/src/test/javascript/spec/helpers/httpBackend.js:9:113
</failure>
    <failure type="">C:/Development/Java/eclipse_workspace/myprop/src/main/webapp/bower_components/angular/angular.js:9:139506
forEach@C:/Development/Java/eclipse_workspace/myprop/src/main/webapp/bower_components/angular/angular.js:9:7090
loadModules@C:/Development/Java/eclipse_workspace/myprop/src/main/webapp/bower_components/angular/angular.js:9:136717
createInjector@C:/Development/Java/eclipse_workspace/myprop/src/main/webapp/bower_components/angular/angular.js:9:132123
workFn@C:/Development/Java/eclipse_workspace/myprop/src/main/webapp/bower_components/angular-mocks/angular-mocks.js:9:155386
inject@C:/Development/Java/eclipse_workspace/myprop/src/main/webapp/bower_components/angular-mocks/angular-mocks.js:9:153895
mockI18nCalls@C:/Development/Java/eclipse_workspace/myprop/src/test/javascript/spec/helpers/httpBackend.js:9:375
</failure>
    <failure type="">C:/Development/Java/eclipse_workspace/myprop/src/main/webapp/bower_components/angular/angular.js:9:139506
forEach@C:/Development/Java/eclipse_workspace/myprop/src/main/webapp/bower_components/angular/angular.js:9:7090
loadModules@C:/Development/Java/eclipse_workspace/myprop/src/main/webapp/bower_components/angular/angular.js:9:136717
createInjector@C:/Development/Java/eclipse_workspace/myprop/src/main/webapp/bower_components/angular/angular.js:9:132123
workFn@C:/Development/Java/eclipse_workspace/myprop/src/main/webapp/bower_components/angular-mocks/angular-mocks.js:9:155386
</failure>
    <failure type="">TypeError: undefined is not an object (evaluating 'MockAuth.changePassword') in C:/Development/Java/eclipse_workspace/myprop/src/test/javascript/spec/app/account/password/password.controller.spec.js (line 9)
C:/Development/Java/eclipse_workspace/myprop/src/test/javascript/spec/app/account/password/password.controller.spec.js:9:2439
</failure>
  </testcase>
  <testcase name="Controller Tests PasswordController should set success to OK upon success" time="0.033" classname="PhantomJS_2_1_1_(Windows_7_0_0_0).Controller Tests">
    <failure type="">C:/Development/Java/eclipse_workspace/myprop/src/main/webapp/bower_components/angular/angular.js:9:139506
forEach@C:/Development/Java/eclipse_workspace/myprop/src/main/webapp/bower_components/angular/angular.js:9:7090
loadModules@C:/Development/Java/eclipse_workspace/myprop/src/main/webapp/bower_components/angular/angular.js:9:136717
createInjector@C:/Development/Java/eclipse_workspace/myprop/src/main/webapp/bower_components/angular/angular.js:9:132123
workFn@C:/Development/Java/eclipse_workspace/myprop/src/main/webapp/bower_components/angular-mocks/angular-mocks.js:9:155386
inject@C:/Development/Java/eclipse_workspace/myprop/src/main/webapp/bower_components/angular-mocks/angular-mocks.js:9:153895
mockApiAccountCall@C:/Development/Java/eclipse_workspace/myprop/src/test/javascript/spec/helpers/httpBackend.js:9:113
</failure>
    <failure type="">C:/Development/Java/eclipse_workspace/myprop/src/main/webapp/bower_components/angular/angular.js:9:139506
forEach@C:/Development/Java/eclipse_workspace/myprop/src/main/webapp/bower_components/angular/angular.js:9:7090
loadModules@C:/Development/Java/eclipse_workspace/myprop/src/main/webapp/bower_components/angular/angular.js:9:136717
createInjector@C:/Development/Java/eclipse_workspace/myprop/src/main/webapp/bower_components/angular/angular.js:9:132123
workFn@C:/Development/Java/eclipse_workspace/myprop/src/main/webapp/bower_components/angular-mocks/angular-mocks.js:9:155386
inject@C:/Development/Java/eclipse_workspace/myprop/src/main/webapp/bower_components/angular-mocks/angular-mocks.js:9:153895
mockI18nCalls@C:/Development/Java/eclipse_workspace/myprop/src/test/javascript/spec/helpers/httpBackend.js:9:375
</failure>
    <failure type="">C:/Development/Java/eclipse_workspace/myprop/src/main/webapp/bower_components/angular/angular.js:9:139506
forEach@C:/Development/Java/eclipse_workspace/myprop/src/main/webapp/bower_components/angular/angular.js:9:7090
loadModules@C:/Development/Java/eclipse_workspace/myprop/src/main/webapp/bower_components/angular/angular.js:9:136717
createInjector@C:/Development/Java/eclipse_workspace/myprop/src/main/webapp/bower_components/angular/angular.js:9:132123
workFn@C:/Development/Java/eclipse_workspace/myprop/src/main/webapp/bower_components/angular-mocks/angular-mocks.js:9:155386
</failure>
    <failure type="">TypeError: undefined is not an object (evaluating 'MockAuth.changePassword') in C:/Development/Java/eclipse_workspace/myprop/src/test/javascript/spec/app/account/password/password.controller.spec.js (line 9)
C:/Development/Java/eclipse_workspace/myprop/src/test/javascript/spec/app/account/password/password.controller.spec.js:9:3006
</failure>
  </testcase>
  <testcase name="Controller Tests PasswordController should notify of error if change password fails" time="0.034" classname="PhantomJS_2_1_1_(Windows_7_0_0_0).Controller Tests">
    <failure type="">C:/Development/Java/eclipse_workspace/myprop/src/main/webapp/bower_components/angular/angular.js:9:139506
forEach@C:/Development/Java/eclipse_workspace/myprop/src/main/webapp/bower_components/angular/angular.js:9:7090
loadModules@C:/Development/Java/eclipse_workspace/myprop/src/main/webapp/bower_components/angular/angular.js:9:136717
createInjector@C:/Development/Java/eclipse_workspace/myprop/src/main/webapp/bower_components/angular/angular.js:9:132123
workFn@C:/Development/Java/eclipse_workspace/myprop/src/main/webapp/bower_components/angular-mocks/angular-mocks.js:9:155386
inject@C:/Development/Java/eclipse_workspace/myprop/src/main/webapp/bower_components/angular-mocks/angular-mocks.js:9:153895
mockApiAccountCall@C:/Development/Java/eclipse_workspace/myprop/src/test/javascript/spec/helpers/httpBackend.js:9:113
</failure>
    <failure type="">C:/Development/Java/eclipse_workspace/myprop/src/main/webapp/bower_components/angular/angular.js:9:139506
forEach@C:/Development/Java/eclipse_workspace/myprop/src/main/webapp/bower_components/angular/angular.js:9:7090
loadModules@C:/Development/Java/eclipse_workspace/myprop/src/main/webapp/bower_components/angular/angular.js:9:136717
createInjector@C:/Development/Java/eclipse_workspace/myprop/src/main/webapp/bower_components/angular/angular.js:9:132123
workFn@C:/Development/Java/eclipse_workspace/myprop/src/main/webapp/bower_components/angular-mocks/angular-mocks.js:9:155386
inject@C:/Development/Java/eclipse_workspace/myprop/src/main/webapp/bower_components/angular-mocks/angular-mocks.js:9:153895
mockI18nCalls@C:/Development/Java/eclipse_workspace/myprop/src/test/javascript/spec/helpers/httpBackend.js:9:375
</failure>
    <failure type="">C:/Development/Java/eclipse_workspace/myprop/src/main/webapp/bower_components/angular/angular.js:9:139506
forEach@C:/Development/Java/eclipse_workspace/myprop/src/main/webapp/bower_components/angular/angular.js:9:7090
loadModules@C:/Development/Java/eclipse_workspace/myprop/src/main/webapp/bower_components/angular/angular.js:9:136717
createInjector@C:/Development/Java/eclipse_workspace/myprop/src/main/webapp/bower_components/angular/angular.js:9:132123
workFn@C:/Development/Java/eclipse_workspace/myprop/src/main/webapp/bower_components/angular-mocks/angular-mocks.js:9:155386
</failure>
    <failure type="">TypeError: undefined is not an object (evaluating 'MockAuth.changePassword') in C:/Development/Java/eclipse_workspace/myprop/src/test/javascript/spec/app/account/password/password.controller.spec.js (line 9)
C:/Development/Java/eclipse_workspace/myprop/src/test/javascript/spec/app/account/password/password.controller.spec.js:9:3706
</failure>
  </testcase>
  <testcase name="Controller Tests RegisterController should ensure the two passwords entered match" time="0.036" classname="PhantomJS_2_1_1_(Windows_7_0_0_0).Controller Tests">
    <failure type="">C:/Development/Java/eclipse_workspace/myprop/src/main/webapp/bower_components/angular/angular.js:9:139506
forEach@C:/Development/Java/eclipse_workspace/myprop/src/main/webapp/bower_components/angular/angular.js:9:7090
loadModules@C:/Development/Java/eclipse_workspace/myprop/src/main/webapp/bower_components/angular/angular.js:9:136717
createInjector@C:/Development/Java/eclipse_workspace/myprop/src/main/webapp/bower_components/angular/angular.js:9:132123
workFn@C:/Development/Java/eclipse_workspace/myprop/src/main/webapp/bower_components/angular-mocks/angular-mocks.js:9:155386
inject@C:/Development/Java/eclipse_workspace/myprop/src/main/webapp/bower_components/angular-mocks/angular-mocks.js:9:153895
mockApiAccountCall@C:/Development/Java/eclipse_workspace/myprop/src/test/javascript/spec/helpers/httpBackend.js:9:113
</failure>
    <failure type="">C:/Development/Java/eclipse_workspace/myprop/src/main/webapp/bower_components/angular/angular.js:9:139506
forEach@C:/Development/Java/eclipse_workspace/myprop/src/main/webapp/bower_components/angular/angular.js:9:7090
loadModules@C:/Development/Java/eclipse_workspace/myprop/src/main/webapp/bower_components/angular/angular.js:9:136717
createInjector@C:/Development/Java/eclipse_workspace/myprop/src/main/webapp/bower_components/angular/angular.js:9:132123
workFn@C:/Development/Java/eclipse_workspace/myprop/src/main/webapp/bower_components/angular-mocks/angular-mocks.js:9:155386
inject@C:/Development/Java/eclipse_workspace/myprop/src/main/webapp/bower_components/angular-mocks/angular-mocks.js:9:153895
mockI18nCalls@C:/Development/Java/eclipse_workspace/myprop/src/test/javascript/spec/helpers/httpBackend.js:9:375
</failure>
    <failure type="">C:/Development/Java/eclipse_workspace/myprop/src/main/webapp/bower_components/angular/angular.js:9:139506
forEach@C:/Development/Java/eclipse_workspace/myprop/src/main/webapp/bower_components/angular/angular.js:9:7090
loadModules@C:/Development/Java/eclipse_workspace/myprop/src/main/webapp/bower_components/angular/angular.js:9:136717
createInjector@C:/Development/Java/eclipse_workspace/myprop/src/main/webapp/bower_components/angular/angular.js:9:132123
workFn@C:/Development/Java/eclipse_workspace/myprop/src/main/webapp/bower_components/angular-mocks/angular-mocks.js:9:155386
</failure>
    <failure type="">TypeError: undefined is not a constructor (evaluating 'createController()') in C:/Development/Java/eclipse_workspace/myprop/src/test/javascript/spec/app/account/register/register.controller.spec.js (line 9)
C:/Development/Java/eclipse_workspace/myprop/src/test/javascript/spec/app/account/register/register.controller.spec.js:9:1960
</failure>
  </testcase>
  <testcase name="Controller Tests RegisterController should update success to OK after creating an account" time="0.037" classname="PhantomJS_2_1_1_(Windows_7_0_0_0).Controller Tests">
    <failure type="">C:/Development/Java/eclipse_workspace/myprop/src/main/webapp/bower_components/angular/angular.js:9:139506
forEach@C:/Development/Java/eclipse_workspace/myprop/src/main/webapp/bower_components/angular/angular.js:9:7090
loadModules@C:/Development/Java/eclipse_workspace/myprop/src/main/webapp/bower_components/angular/angular.js:9:136717
createInjector@C:/Development/Java/eclipse_workspace/myprop/src/main/webapp/bower_components/angular/angular.js:9:132123
workFn@C:/Development/Java/eclipse_workspace/myprop/src/main/webapp/bower_components/angular-mocks/angular-mocks.js:9:155386
inject@C:/Development/Java/eclipse_workspace/myprop/src/main/webapp/bower_components/angular-mocks/angular-mocks.js:9:153895
mockApiAccountCall@C:/Development/Java/eclipse_workspace/myprop/src/test/javascript/spec/helpers/httpBackend.js:9:113
</failure>
    <failure type="">C:/Development/Java/eclipse_workspace/myprop/src/main/webapp/bower_components/angular/angular.js:9:139506
forEach@C:/Development/Java/eclipse_workspace/myprop/src/main/webapp/bower_components/angular/angular.js:9:7090
loadModules@C:/Development/Java/eclipse_workspace/myprop/src/main/webapp/bower_components/angular/angular.js:9:136717
createInjector@C:/Development/Java/eclipse_workspace/myprop/src/main/webapp/bower_components/angular/angular.js:9:132123
workFn@C:/Development/Java/eclipse_workspace/myprop/src/main/webapp/bower_components/angular-mocks/angular-mocks.js:9:155386
inject@C:/Development/Java/eclipse_workspace/myprop/src/main/webapp/bower_components/angular-mocks/angular-mocks.js:9:153895
mockI18nCalls@C:/Development/Java/eclipse_workspace/myprop/src/test/javascript/spec/helpers/httpBackend.js:9:375
</failure>
    <failure type="">C:/Development/Java/eclipse_workspace/myprop/src/main/webapp/bower_components/angular/angular.js:9:139506
forEach@C:/Development/Java/eclipse_workspace/myprop/src/main/webapp/bower_components/angular/angular.js:9:7090
loadModules@C:/Development/Java/eclipse_workspace/myprop/src/main/webapp/bower_components/angular/angular.js:9:136717
createInjector@C:/Development/Java/eclipse_workspace/myprop/src/main/webapp/bower_components/angular/angular.js:9:132123
workFn@C:/Development/Java/eclipse_workspace/myprop/src/main/webapp/bower_components/angular-mocks/angular-mocks.js:9:155386
</failure>
    <failure type="">TypeError: undefined is not an object (evaluating 'MockTranslate.use') in C:/Development/Java/eclipse_workspace/myprop/src/test/javascript/spec/app/account/register/register.controller.spec.js (line 9)
C:/Development/Java/eclipse_workspace/myprop/src/test/javascript/spec/app/account/register/register.controller.spec.js:9:2475
</failure>
  </testcase>
  <testcase name="Controller Tests RegisterController should notify of user existence upon 400/login already in use" time="0.046" classname="PhantomJS_2_1_1_(Windows_7_0_0_0).Controller Tests">
    <failure type="">C:/Development/Java/eclipse_workspace/myprop/src/main/webapp/bower_components/angular/angular.js:9:139506
forEach@C:/Development/Java/eclipse_workspace/myprop/src/main/webapp/bower_components/angular/angular.js:9:7090
loadModules@C:/Development/Java/eclipse_workspace/myprop/src/main/webapp/bower_components/angular/angular.js:9:136717
createInjector@C:/Development/Java/eclipse_workspace/myprop/src/main/webapp/bower_components/angular/angular.js:9:132123
workFn@C:/Development/Java/eclipse_workspace/myprop/src/main/webapp/bower_components/angular-mocks/angular-mocks.js:9:155386
inject@C:/Development/Java/eclipse_workspace/myprop/src/main/webapp/bower_components/angular-mocks/angular-mocks.js:9:153895
mockApiAccountCall@C:/Development/Java/eclipse_workspace/myprop/src/test/javascript/spec/helpers/httpBackend.js:9:113
</failure>
    <failure type="">C:/Development/Java/eclipse_workspace/myprop/src/main/webapp/bower_components/angular/angular.js:9:139506
forEach@C:/Development/Java/eclipse_workspace/myprop/src/main/webapp/bower_components/angular/angular.js:9:7090
loadModules@C:/Development/Java/eclipse_workspace/myprop/src/main/webapp/bower_components/angular/angular.js:9:136717
createInjector@C:/Development/Java/eclipse_workspace/myprop/src/main/webapp/bower_components/angular/angular.js:9:132123
workFn@C:/Development/Java/eclipse_workspace/myprop/src/main/webapp/bower_components/angular-mocks/angular-mocks.js:9:155386
inject@C:/Development/Java/eclipse_workspace/myprop/src/main/webapp/bower_components/angular-mocks/angular-mocks.js:9:153895
mockI18nCalls@C:/Development/Java/eclipse_workspace/myprop/src/test/javascript/spec/helpers/httpBackend.js:9:375
</failure>
    <failure type="">C:/Development/Java/eclipse_workspace/myprop/src/main/webapp/bower_components/angular/angular.js:9:139506
forEach@C:/Development/Java/eclipse_workspace/myprop/src/main/webapp/bower_components/angular/angular.js:9:7090
loadModules@C:/Development/Java/eclipse_workspace/myprop/src/main/webapp/bower_components/angular/angular.js:9:136717
createInjector@C:/Development/Java/eclipse_workspace/myprop/src/main/webapp/bower_components/angular/angular.js:9:132123
workFn@C:/Development/Java/eclipse_workspace/myprop/src/main/webapp/bower_components/angular-mocks/angular-mocks.js:9:155386
</failure>
    <failure type="">TypeError: undefined is not an object (evaluating 'MockAuth.createAccount') in C:/Development/Java/eclipse_workspace/myprop/src/test/javascript/spec/app/account/register/register.controller.spec.js (line 9)
C:/Development/Java/eclipse_workspace/myprop/src/test/javascript/spec/app/account/register/register.controller.spec.js:9:3669
</failure>
  </testcase>
  <testcase name="Controller Tests RegisterController should notify of email existence upon 400/e-mail address already in use" time="0.046" classname="PhantomJS_2_1_1_(Windows_7_0_0_0).Controller Tests">
    <failure type="">C:/Development/Java/eclipse_workspace/myprop/src/main/webapp/bower_components/angular/angular.js:9:139506
forEach@C:/Development/Java/eclipse_workspace/myprop/src/main/webapp/bower_components/angular/angular.js:9:7090
loadModules@C:/Development/Java/eclipse_workspace/myprop/src/main/webapp/bower_components/angular/angular.js:9:136717
createInjector@C:/Development/Java/eclipse_workspace/myprop/src/main/webapp/bower_components/angular/angular.js:9:132123
workFn@C:/Development/Java/eclipse_workspace/myprop/src/main/webapp/bower_components/angular-mocks/angular-mocks.js:9:155386
inject@C:/Development/Java/eclipse_workspace/myprop/src/main/webapp/bower_components/angular-mocks/angular-mocks.js:9:153895
mockApiAccountCall@C:/Development/Java/eclipse_workspace/myprop/src/test/javascript/spec/helpers/httpBackend.js:9:113
</failure>
    <failure type="">C:/Development/Java/eclipse_workspace/myprop/src/main/webapp/bower_components/angular/angular.js:9:139506
forEach@C:/Development/Java/eclipse_workspace/myprop/src/main/webapp/bower_components/angular/angular.js:9:7090
loadModules@C:/Development/Java/eclipse_workspace/myprop/src/main/webapp/bower_components/angular/angular.js:9:136717
createInjector@C:/Development/Java/eclipse_workspace/myprop/src/main/webapp/bower_components/angular/angular.js:9:132123
workFn@C:/Development/Java/eclipse_workspace/myprop/src/main/webapp/bower_components/angular-mocks/angular-mocks.js:9:155386
inject@C:/Development/Java/eclipse_workspace/myprop/src/main/webapp/bower_components/angular-mocks/angular-mocks.js:9:153895
mockI18nCalls@C:/Development/Java/eclipse_workspace/myprop/src/test/javascript/spec/helpers/httpBackend.js:9:375
</failure>
    <failure type="">C:/Development/Java/eclipse_workspace/myprop/src/main/webapp/bower_components/angular/angular.js:9:139506
forEach@C:/Development/Java/eclipse_workspace/myprop/src/main/webapp/bower_components/angular/angular.js:9:7090
loadModules@C:/Development/Java/eclipse_workspace/myprop/src/main/webapp/bower_components/angular/angular.js:9:136717
createInjector@C:/Development/Java/eclipse_workspace/myprop/src/main/webapp/bower_components/angular/angular.js:9:132123
workFn@C:/Development/Java/eclipse_workspace/myprop/src/main/webapp/bower_components/angular-mocks/angular-mocks.js:9:155386
</failure>
    <failure type="">TypeError: undefined is not an object (evaluating 'MockAuth.createAccount') in C:/Development/Java/eclipse_workspace/myprop/src/test/javascript/spec/app/account/register/register.controller.spec.js (line 9)
C:/Development/Java/eclipse_workspace/myprop/src/test/javascript/spec/app/account/register/register.controller.spec.js:9:4459
</failure>
  </testcase>
  <testcase name="Controller Tests RegisterController should notify of generic error" time="0.037" classname="PhantomJS_2_1_1_(Windows_7_0_0_0).Controller Tests">
    <failure type="">C:/Development/Java/eclipse_workspace/myprop/src/main/webapp/bower_components/angular/angular.js:9:139506
forEach@C:/Development/Java/eclipse_workspace/myprop/src/main/webapp/bower_components/angular/angular.js:9:7090
loadModules@C:/Development/Java/eclipse_workspace/myprop/src/main/webapp/bower_components/angular/angular.js:9:136717
createInjector@C:/Development/Java/eclipse_workspace/myprop/src/main/webapp/bower_components/angular/angular.js:9:132123
workFn@C:/Development/Java/eclipse_workspace/myprop/src/main/webapp/bower_components/angular-mocks/angular-mocks.js:9:155386
inject@C:/Development/Java/eclipse_workspace/myprop/src/main/webapp/bower_components/angular-mocks/angular-mocks.js:9:153895
mockApiAccountCall@C:/Development/Java/eclipse_workspace/myprop/src/test/javascript/spec/helpers/httpBackend.js:9:113
</failure>
    <failure type="">C:/Development/Java/eclipse_workspace/myprop/src/main/webapp/bower_components/angular/angular.js:9:139506
forEach@C:/Development/Java/eclipse_workspace/myprop/src/main/webapp/bower_components/angular/angular.js:9:7090
loadModules@C:/Development/Java/eclipse_workspace/myprop/src/main/webapp/bower_components/angular/angular.js:9:136717
createInjector@C:/Development/Java/eclipse_workspace/myprop/src/main/webapp/bower_components/angular/angular.js:9:132123
workFn@C:/Development/Java/eclipse_workspace/myprop/src/main/webapp/bower_components/angular-mocks/angular-mocks.js:9:155386
inject@C:/Development/Java/eclipse_workspace/myprop/src/main/webapp/bower_components/angular-mocks/angular-mocks.js:9:153895
mockI18nCalls@C:/Development/Java/eclipse_workspace/myprop/src/test/javascript/spec/helpers/httpBackend.js:9:375
</failure>
    <failure type="">C:/Development/Java/eclipse_workspace/myprop/src/main/webapp/bower_components/angular/angular.js:9:139506
forEach@C:/Development/Java/eclipse_workspace/myprop/src/main/webapp/bower_components/angular/angular.js:9:7090
loadModules@C:/Development/Java/eclipse_workspace/myprop/src/main/webapp/bower_components/angular/angular.js:9:136717
createInjector@C:/Development/Java/eclipse_workspace/myprop/src/main/webapp/bower_components/angular/angular.js:9:132123
workFn@C:/Development/Java/eclipse_workspace/myprop/src/main/webapp/bower_components/angular-mocks/angular-mocks.js:9:155386
</failure>
    <failure type="">TypeError: undefined is not an object (evaluating 'MockAuth.createAccount') in C:/Development/Java/eclipse_workspace/myprop/src/test/javascript/spec/app/account/register/register.controller.spec.js (line 9)
C:/Development/Java/eclipse_workspace/myprop/src/test/javascript/spec/app/account/register/register.controller.spec.js:9:5217
</failure>
  </testcase>
  <testcase name="Controller Tests ResetFinishController should define its initial state" time="0.028" classname="PhantomJS_2_1_1_(Windows_7_0_0_0).Controller Tests">
    <failure type="">C:/Development/Java/eclipse_workspace/myprop/src/main/webapp/bower_components/angular/angular.js:9:139506
forEach@C:/Development/Java/eclipse_workspace/myprop/src/main/webapp/bower_components/angular/angular.js:9:7090
loadModules@C:/Development/Java/eclipse_workspace/myprop/src/main/webapp/bower_components/angular/angular.js:9:136717
createInjector@C:/Development/Java/eclipse_workspace/myprop/src/main/webapp/bower_components/angular/angular.js:9:132123
workFn@C:/Development/Java/eclipse_workspace/myprop/src/main/webapp/bower_components/angular-mocks/angular-mocks.js:9:155386
inject@C:/Development/Java/eclipse_workspace/myprop/src/main/webapp/bower_components/angular-mocks/angular-mocks.js:9:153895
mockApiAccountCall@C:/Development/Java/eclipse_workspace/myprop/src/test/javascript/spec/helpers/httpBackend.js:9:113
</failure>
    <failure type="">C:/Development/Java/eclipse_workspace/myprop/src/main/webapp/bower_components/angular/angular.js:9:139506
forEach@C:/Development/Java/eclipse_workspace/myprop/src/main/webapp/bower_components/angular/angular.js:9:7090
loadModules@C:/Development/Java/eclipse_workspace/myprop/src/main/webapp/bower_components/angular/angular.js:9:136717
createInjector@C:/Development/Java/eclipse_workspace/myprop/src/main/webapp/bower_components/angular/angular.js:9:132123
workFn@C:/Development/Java/eclipse_workspace/myprop/src/main/webapp/bower_components/angular-mocks/angular-mocks.js:9:155386
inject@C:/Development/Java/eclipse_workspace/myprop/src/main/webapp/bower_components/angular-mocks/angular-mocks.js:9:153895
mockI18nCalls@C:/Development/Java/eclipse_workspace/myprop/src/test/javascript/spec/helpers/httpBackend.js:9:375
</failure>
    <failure type="">C:/Development/Java/eclipse_workspace/myprop/src/main/webapp/bower_components/angular/angular.js:9:139506
forEach@C:/Development/Java/eclipse_workspace/myprop/src/main/webapp/bower_components/angular/angular.js:9:7090
loadModules@C:/Development/Java/eclipse_workspace/myprop/src/main/webapp/bower_components/angular/angular.js:9:136717
createInjector@C:/Development/Java/eclipse_workspace/myprop/src/main/webapp/bower_components/angular/angular.js:9:132123
workFn@C:/Development/Java/eclipse_workspace/myprop/src/main/webapp/bower_components/angular-mocks/angular-mocks.js:9:155386
</failure>
    <failure type="">TypeError: Attempted to assign to readonly property. in C:/Development/Java/eclipse_workspace/myprop/src/test/javascript/spec/app/account/reset/finish/reset.finish.controller.spec.js (line 9)
C:/Development/Java/eclipse_workspace/myprop/src/test/javascript/spec/app/account/reset/finish/reset.finish.controller.spec.js:9:1964
</failure>
  </testcase>
  <testcase name="Controller Tests ResetFinishController registers a timeout handler set set focus" time="0.026" classname="PhantomJS_2_1_1_(Windows_7_0_0_0).Controller Tests">
    <failure type="">C:/Development/Java/eclipse_workspace/myprop/src/main/webapp/bower_components/angular/angular.js:9:139506
forEach@C:/Development/Java/eclipse_workspace/myprop/src/main/webapp/bower_components/angular/angular.js:9:7090
loadModules@C:/Development/Java/eclipse_workspace/myprop/src/main/webapp/bower_components/angular/angular.js:9:136717
createInjector@C:/Development/Java/eclipse_workspace/myprop/src/main/webapp/bower_components/angular/angular.js:9:132123
workFn@C:/Development/Java/eclipse_workspace/myprop/src/main/webapp/bower_components/angular-mocks/angular-mocks.js:9:155386
inject@C:/Development/Java/eclipse_workspace/myprop/src/main/webapp/bower_components/angular-mocks/angular-mocks.js:9:153895
mockApiAccountCall@C:/Development/Java/eclipse_workspace/myprop/src/test/javascript/spec/helpers/httpBackend.js:9:113
</failure>
    <failure type="">C:/Development/Java/eclipse_workspace/myprop/src/main/webapp/bower_components/angular/angular.js:9:139506
forEach@C:/Development/Java/eclipse_workspace/myprop/src/main/webapp/bower_components/angular/angular.js:9:7090
loadModules@C:/Development/Java/eclipse_workspace/myprop/src/main/webapp/bower_components/angular/angular.js:9:136717
createInjector@C:/Development/Java/eclipse_workspace/myprop/src/main/webapp/bower_components/angular/angular.js:9:132123
workFn@C:/Development/Java/eclipse_workspace/myprop/src/main/webapp/bower_components/angular-mocks/angular-mocks.js:9:155386
inject@C:/Development/Java/eclipse_workspace/myprop/src/main/webapp/bower_components/angular-mocks/angular-mocks.js:9:153895
mockI18nCalls@C:/Development/Java/eclipse_workspace/myprop/src/test/javascript/spec/helpers/httpBackend.js:9:375
</failure>
    <failure type="">C:/Development/Java/eclipse_workspace/myprop/src/main/webapp/bower_components/angular/angular.js:9:139506
forEach@C:/Development/Java/eclipse_workspace/myprop/src/main/webapp/bower_components/angular/angular.js:9:7090
loadModules@C:/Development/Java/eclipse_workspace/myprop/src/main/webapp/bower_components/angular/angular.js:9:136717
createInjector@C:/Development/Java/eclipse_workspace/myprop/src/main/webapp/bower_components/angular/angular.js:9:132123
workFn@C:/Development/Java/eclipse_workspace/myprop/src/main/webapp/bower_components/angular-mocks/angular-mocks.js:9:155386
</failure>
    <failure type="">TypeError: undefined is not an object (evaluating 'MockTimeout.and') in C:/Development/Java/eclipse_workspace/myprop/src/test/javascript/spec/app/account/reset/finish/reset.finish.controller.spec.js (line 9)
C:/Development/Java/eclipse_workspace/myprop/src/test/javascript/spec/app/account/reset/finish/reset.finish.controller.spec.js:9:2757
</failure>
  </testcase>
  <testcase name="Controller Tests RequestResetController should define its initial state" time="0.028" classname="PhantomJS_2_1_1_(Windows_7_0_0_0).Controller Tests">
    <failure type="">C:/Development/Java/eclipse_workspace/myprop/src/main/webapp/bower_components/angular/angular.js:9:139506
forEach@C:/Development/Java/eclipse_workspace/myprop/src/main/webapp/bower_components/angular/angular.js:9:7090
loadModules@C:/Development/Java/eclipse_workspace/myprop/src/main/webapp/bower_components/angular/angular.js:9:136717
createInjector@C:/Development/Java/eclipse_workspace/myprop/src/main/webapp/bower_components/angular/angular.js:9:132123
workFn@C:/Development/Java/eclipse_workspace/myprop/src/main/webapp/bower_components/angular-mocks/angular-mocks.js:9:155386
inject@C:/Development/Java/eclipse_workspace/myprop/src/main/webapp/bower_components/angular-mocks/angular-mocks.js:9:153895
mockApiAccountCall@C:/Development/Java/eclipse_workspace/myprop/src/test/javascript/spec/helpers/httpBackend.js:9:113
</failure>
    <failure type="">C:/Development/Java/eclipse_workspace/myprop/src/main/webapp/bower_components/angular/angular.js:9:139506
forEach@C:/Development/Java/eclipse_workspace/myprop/src/main/webapp/bower_components/angular/angular.js:9:7090
loadModules@C:/Development/Java/eclipse_workspace/myprop/src/main/webapp/bower_components/angular/angular.js:9:136717
createInjector@C:/Development/Java/eclipse_workspace/myprop/src/main/webapp/bower_components/angular/angular.js:9:132123
workFn@C:/Development/Java/eclipse_workspace/myprop/src/main/webapp/bower_components/angular-mocks/angular-mocks.js:9:155386
inject@C:/Development/Java/eclipse_workspace/myprop/src/main/webapp/bower_components/angular-mocks/angular-mocks.js:9:153895
mockI18nCalls@C:/Development/Java/eclipse_workspace/myprop/src/test/javascript/spec/helpers/httpBackend.js:9:375
</failure>
    <failure type="">C:/Development/Java/eclipse_workspace/myprop/src/main/webapp/bower_components/angular/angular.js:9:139506
forEach@C:/Development/Java/eclipse_workspace/myprop/src/main/webapp/bower_components/angular/angular.js:9:7090
loadModules@C:/Development/Java/eclipse_workspace/myprop/src/main/webapp/bower_components/angular/angular.js:9:136717
createInjector@C:/Development/Java/eclipse_workspace/myprop/src/main/webapp/bower_components/angular/angular.js:9:132123
workFn@C:/Development/Java/eclipse_workspace/myprop/src/main/webapp/bower_components/angular-mocks/angular-mocks.js:9:155386
</failure>
    <failure type="">TypeError: undefined is not a constructor (evaluating 'createController()') in C:/Development/Java/eclipse_workspace/myprop/src/test/javascript/spec/app/account/reset/request/reset.request.controller.spec.js (line 9)
C:/Development/Java/eclipse_workspace/myprop/src/test/javascript/spec/app/account/reset/request/reset.request.controller.spec.js:9:2034
</failure>
  </testcase>
  <testcase name="Controller Tests RequestResetController registers a timeout handler set set focus" time="0.027" classname="PhantomJS_2_1_1_(Windows_7_0_0_0).Controller Tests">
    <failure type="">C:/Development/Java/eclipse_workspace/myprop/src/main/webapp/bower_components/angular/angular.js:9:139506
forEach@C:/Development/Java/eclipse_workspace/myprop/src/main/webapp/bower_components/angular/angular.js:9:7090
loadModules@C:/Development/Java/eclipse_workspace/myprop/src/main/webapp/bower_components/angular/angular.js:9:136717
createInjector@C:/Development/Java/eclipse_workspace/myprop/src/main/webapp/bower_components/angular/angular.js:9:132123
workFn@C:/Development/Java/eclipse_workspace/myprop/src/main/webapp/bower_components/angular-mocks/angular-mocks.js:9:155386
inject@C:/Development/Java/eclipse_workspace/myprop/src/main/webapp/bower_components/angular-mocks/angular-mocks.js:9:153895
mockApiAccountCall@C:/Development/Java/eclipse_workspace/myprop/src/test/javascript/spec/helpers/httpBackend.js:9:113
</failure>
    <failure type="">C:/Development/Java/eclipse_workspace/myprop/src/main/webapp/bower_components/angular/angular.js:9:139506
forEach@C:/Development/Java/eclipse_workspace/myprop/src/main/webapp/bower_components/angular/angular.js:9:7090
loadModules@C:/Development/Java/eclipse_workspace/myprop/src/main/webapp/bower_components/angular/angular.js:9:136717
createInjector@C:/Development/Java/eclipse_workspace/myprop/src/main/webapp/bower_components/angular/angular.js:9:132123
workFn@C:/Development/Java/eclipse_workspace/myprop/src/main/webapp/bower_components/angular-mocks/angular-mocks.js:9:155386
inject@C:/Development/Java/eclipse_workspace/myprop/src/main/webapp/bower_components/angular-mocks/angular-mocks.js:9:153895
mockI18nCalls@C:/Development/Java/eclipse_workspace/myprop/src/test/javascript/spec/helpers/httpBackend.js:9:375
</failure>
    <failure type="">C:/Development/Java/eclipse_workspace/myprop/src/main/webapp/bower_components/angular/angular.js:9:139506
forEach@C:/Development/Java/eclipse_workspace/myprop/src/main/webapp/bower_components/angular/angular.js:9:7090
loadModules@C:/Development/Java/eclipse_workspace/myprop/src/main/webapp/bower_components/angular/angular.js:9:136717
createInjector@C:/Development/Java/eclipse_workspace/myprop/src/main/webapp/bower_components/angular/angular.js:9:132123
workFn@C:/Development/Java/eclipse_workspace/myprop/src/main/webapp/bower_components/angular-mocks/angular-mocks.js:9:155386
</failure>
    <failure type="">TypeError: undefined is not an object (evaluating 'MockTimeout.and') in C:/Development/Java/eclipse_workspace/myprop/src/test/javascript/spec/app/account/reset/request/reset.request.controller.spec.js (line 9)
C:/Development/Java/eclipse_workspace/myprop/src/test/javascript/spec/app/account/reset/request/reset.request.controller.spec.js:9:2837
</failure>
  </testcase>
  <testcase name="Controller Tests RequestResetController notifies of success upon successful requestReset" time="0.04" classname="PhantomJS_2_1_1_(Windows_7_0_0_0).Controller Tests">
    <failure type="">C:/Development/Java/eclipse_workspace/myprop/src/main/webapp/bower_components/angular/angular.js:9:139506
forEach@C:/Development/Java/eclipse_workspace/myprop/src/main/webapp/bower_components/angular/angular.js:9:7090
loadModules@C:/Development/Java/eclipse_workspace/myprop/src/main/webapp/bower_components/angular/angular.js:9:136717
createInjector@C:/Development/Java/eclipse_workspace/myprop/src/main/webapp/bower_components/angular/angular.js:9:132123
workFn@C:/Development/Java/eclipse_workspace/myprop/src/main/webapp/bower_components/angular-mocks/angular-mocks.js:9:155386
inject@C:/Development/Java/eclipse_workspace/myprop/src/main/webapp/bower_components/angular-mocks/angular-mocks.js:9:153895
mockApiAccountCall@C:/Development/Java/eclipse_workspace/myprop/src/test/javascript/spec/helpers/httpBackend.js:9:113
</failure>
    <failure type="">C:/Development/Java/eclipse_workspace/myprop/src/main/webapp/bower_components/angular/angular.js:9:139506
forEach@C:/Development/Java/eclipse_workspace/myprop/src/main/webapp/bower_components/angular/angular.js:9:7090
loadModules@C:/Development/Java/eclipse_workspace/myprop/src/main/webapp/bower_components/angular/angular.js:9:136717
createInjector@C:/Development/Java/eclipse_workspace/myprop/src/main/webapp/bower_components/angular/angular.js:9:132123
workFn@C:/Development/Java/eclipse_workspace/myprop/src/main/webapp/bower_components/angular-mocks/angular-mocks.js:9:155386
inject@C:/Development/Java/eclipse_workspace/myprop/src/main/webapp/bower_components/angular-mocks/angular-mocks.js:9:153895
mockI18nCalls@C:/Development/Java/eclipse_workspace/myprop/src/test/javascript/spec/helpers/httpBackend.js:9:375
</failure>
    <failure type="">C:/Development/Java/eclipse_workspace/myprop/src/main/webapp/bower_components/angular/angular.js:9:139506
forEach@C:/Development/Java/eclipse_workspace/myprop/src/main/webapp/bower_components/angular/angular.js:9:7090
loadModules@C:/Development/Java/eclipse_workspace/myprop/src/main/webapp/bower_components/angular/angular.js:9:136717
createInjector@C:/Development/Java/eclipse_workspace/myprop/src/main/webapp/bower_components/angular/angular.js:9:132123
workFn@C:/Development/Java/eclipse_workspace/myprop/src/main/webapp/bower_components/angular-mocks/angular-mocks.js:9:155386
</failure>
    <failure type="">TypeError: undefined is not an object (evaluating 'MockAuth.resetPasswordInit') in C:/Development/Java/eclipse_workspace/myprop/src/test/javascript/spec/app/account/reset/request/reset.request.controller.spec.js (line 9)
C:/Development/Java/eclipse_workspace/myprop/src/test/javascript/spec/app/account/reset/request/reset.request.controller.spec.js:9:3527
</failure>
  </testcase>
  <testcase name="Controller Tests RequestResetController notifies of unknown email upon e-mail address not registered/400" time="0.03" classname="PhantomJS_2_1_1_(Windows_7_0_0_0).Controller Tests">
    <failure type="">C:/Development/Java/eclipse_workspace/myprop/src/main/webapp/bower_components/angular/angular.js:9:139506
forEach@C:/Development/Java/eclipse_workspace/myprop/src/main/webapp/bower_components/angular/angular.js:9:7090
loadModules@C:/Development/Java/eclipse_workspace/myprop/src/main/webapp/bower_components/angular/angular.js:9:136717
createInjector@C:/Development/Java/eclipse_workspace/myprop/src/main/webapp/bower_components/angular/angular.js:9:132123
workFn@C:/Development/Java/eclipse_workspace/myprop/src/main/webapp/bower_components/angular-mocks/angular-mocks.js:9:155386
inject@C:/Development/Java/eclipse_workspace/myprop/src/main/webapp/bower_components/angular-mocks/angular-mocks.js:9:153895
mockApiAccountCall@C:/Development/Java/eclipse_workspace/myprop/src/test/javascript/spec/helpers/httpBackend.js:9:113
</failure>
    <failure type="">C:/Development/Java/eclipse_workspace/myprop/src/main/webapp/bower_components/angular/angular.js:9:139506
forEach@C:/Development/Java/eclipse_workspace/myprop/src/main/webapp/bower_components/angular/angular.js:9:7090
loadModules@C:/Development/Java/eclipse_workspace/myprop/src/main/webapp/bower_components/angular/angular.js:9:136717
createInjector@C:/Development/Java/eclipse_workspace/myprop/src/main/webapp/bower_components/angular/angular.js:9:132123
workFn@C:/Development/Java/eclipse_workspace/myprop/src/main/webapp/bower_components/angular-mocks/angular-mocks.js:9:155386
inject@C:/Development/Java/eclipse_workspace/myprop/src/main/webapp/bower_components/angular-mocks/angular-mocks.js:9:153895
mockI18nCalls@C:/Development/Java/eclipse_workspace/myprop/src/test/javascript/spec/helpers/httpBackend.js:9:375
</failure>
    <failure type="">C:/Development/Java/eclipse_workspace/myprop/src/main/webapp/bower_components/angular/angular.js:9:139506
forEach@C:/Development/Java/eclipse_workspace/myprop/src/main/webapp/bower_components/angular/angular.js:9:7090
loadModules@C:/Development/Java/eclipse_workspace/myprop/src/main/webapp/bower_components/angular/angular.js:9:136717
createInjector@C:/Development/Java/eclipse_workspace/myprop/src/main/webapp/bower_components/angular/angular.js:9:132123
workFn@C:/Development/Java/eclipse_workspace/myprop/src/main/webapp/bower_components/angular-mocks/angular-mocks.js:9:155386
</failure>
    <failure type="">TypeError: undefined is not an object (evaluating 'MockAuth.resetPasswordInit') in C:/Development/Java/eclipse_workspace/myprop/src/test/javascript/spec/app/account/reset/request/reset.request.controller.spec.js (line 9)
C:/Development/Java/eclipse_workspace/myprop/src/test/javascript/spec/app/account/reset/request/reset.request.controller.spec.js:9:4360
</failure>
  </testcase>
  <testcase name="Controller Tests RequestResetController notifies of error upon error response" time="0.031" classname="PhantomJS_2_1_1_(Windows_7_0_0_0).Controller Tests">
    <failure type="">C:/Development/Java/eclipse_workspace/myprop/src/main/webapp/bower_components/angular/angular.js:9:139506
forEach@C:/Development/Java/eclipse_workspace/myprop/src/main/webapp/bower_components/angular/angular.js:9:7090
loadModules@C:/Development/Java/eclipse_workspace/myprop/src/main/webapp/bower_components/angular/angular.js:9:136717
createInjector@C:/Development/Java/eclipse_workspace/myprop/src/main/webapp/bower_components/angular/angular.js:9:132123
workFn@C:/Development/Java/eclipse_workspace/myprop/src/main/webapp/bower_components/angular-mocks/angular-mocks.js:9:155386
inject@C:/Development/Java/eclipse_workspace/myprop/src/main/webapp/bower_components/angular-mocks/angular-mocks.js:9:153895
mockApiAccountCall@C:/Development/Java/eclipse_workspace/myprop/src/test/javascript/spec/helpers/httpBackend.js:9:113
</failure>
    <failure type="">C:/Development/Java/eclipse_workspace/myprop/src/main/webapp/bower_components/angular/angular.js:9:139506
forEach@C:/Development/Java/eclipse_workspace/myprop/src/main/webapp/bower_components/angular/angular.js:9:7090
loadModules@C:/Development/Java/eclipse_workspace/myprop/src/main/webapp/bower_components/angular/angular.js:9:136717
createInjector@C:/Development/Java/eclipse_workspace/myprop/src/main/webapp/bower_components/angular/angular.js:9:132123
workFn@C:/Development/Java/eclipse_workspace/myprop/src/main/webapp/bower_components/angular-mocks/angular-mocks.js:9:155386
inject@C:/Development/Java/eclipse_workspace/myprop/src/main/webapp/bower_components/angular-mocks/angular-mocks.js:9:153895
mockI18nCalls@C:/Development/Java/eclipse_workspace/myprop/src/test/javascript/spec/helpers/httpBackend.js:9:375
</failure>
    <failure type="">C:/Development/Java/eclipse_workspace/myprop/src/main/webapp/bower_components/angular/angular.js:9:139506
forEach@C:/Development/Java/eclipse_workspace/myprop/src/main/webapp/bower_components/angular/angular.js:9:7090
loadModules@C:/Development/Java/eclipse_workspace/myprop/src/main/webapp/bower_components/angular/angular.js:9:136717
createInjector@C:/Development/Java/eclipse_workspace/myprop/src/main/webapp/bower_components/angular/angular.js:9:132123
workFn@C:/Development/Java/eclipse_workspace/myprop/src/main/webapp/bower_components/angular-mocks/angular-mocks.js:9:155386
</failure>
    <failure type="">TypeError: undefined is not an object (evaluating 'MockAuth.resetPasswordInit') in C:/Development/Java/eclipse_workspace/myprop/src/test/javascript/spec/app/account/reset/request/reset.request.controller.spec.js (line 9)
C:/Development/Java/eclipse_workspace/myprop/src/test/javascript/spec/app/account/reset/request/reset.request.controller.spec.js:9:5218
</failure>
  </testcase>
  <testcase name="Controller Tests SettingsController should send the current identity upon save" time="0.034" classname="PhantomJS_2_1_1_(Windows_7_0_0_0).Controller Tests">
    <failure type="">C:/Development/Java/eclipse_workspace/myprop/src/main/webapp/bower_components/angular/angular.js:9:139506
forEach@C:/Development/Java/eclipse_workspace/myprop/src/main/webapp/bower_components/angular/angular.js:9:7090
loadModules@C:/Development/Java/eclipse_workspace/myprop/src/main/webapp/bower_components/angular/angular.js:9:136717
createInjector@C:/Development/Java/eclipse_workspace/myprop/src/main/webapp/bower_components/angular/angular.js:9:132123
workFn@C:/Development/Java/eclipse_workspace/myprop/src/main/webapp/bower_components/angular-mocks/angular-mocks.js:9:155386
inject@C:/Development/Java/eclipse_workspace/myprop/src/main/webapp/bower_components/angular-mocks/angular-mocks.js:9:153895
mockApiAccountCall@C:/Development/Java/eclipse_workspace/myprop/src/test/javascript/spec/helpers/httpBackend.js:9:113
</failure>
    <failure type="">C:/Development/Java/eclipse_workspace/myprop/src/main/webapp/bower_components/angular/angular.js:9:139506
forEach@C:/Development/Java/eclipse_workspace/myprop/src/main/webapp/bower_components/angular/angular.js:9:7090
loadModules@C:/Development/Java/eclipse_workspace/myprop/src/main/webapp/bower_components/angular/angular.js:9:136717
createInjector@C:/Development/Java/eclipse_workspace/myprop/src/main/webapp/bower_components/angular/angular.js:9:132123
workFn@C:/Development/Java/eclipse_workspace/myprop/src/main/webapp/bower_components/angular-mocks/angular-mocks.js:9:155386
inject@C:/Development/Java/eclipse_workspace/myprop/src/main/webapp/bower_components/angular-mocks/angular-mocks.js:9:153895
mockI18nCalls@C:/Development/Java/eclipse_workspace/myprop/src/test/javascript/spec/helpers/httpBackend.js:9:375
</failure>
    <failure type="">C:/Development/Java/eclipse_workspace/myprop/src/main/webapp/bower_components/angular/angular.js:9:139506
forEach@C:/Development/Java/eclipse_workspace/myprop/src/main/webapp/bower_components/angular/angular.js:9:7090
loadModules@C:/Development/Java/eclipse_workspace/myprop/src/main/webapp/bower_components/angular/angular.js:9:136717
createInjector@C:/Development/Java/eclipse_workspace/myprop/src/main/webapp/bower_components/angular/angular.js:9:132123
workFn@C:/Development/Java/eclipse_workspace/myprop/src/main/webapp/bower_components/angular-mocks/angular-mocks.js:9:155386
</failure>
    <failure type="">TypeError: undefined is not an object (evaluating 'MockPrincipal.identity') in C:/Development/Java/eclipse_workspace/myprop/src/test/javascript/spec/app/account/settings/settings.controller.spec.js (line 9)
C:/Development/Java/eclipse_workspace/myprop/src/test/javascript/spec/app/account/settings/settings.controller.spec.js:9:1997
</failure>
  </testcase>
  <testcase name="Controller Tests SettingsController should notify of success upon successful save" time="0.035" classname="PhantomJS_2_1_1_(Windows_7_0_0_0).Controller Tests">
    <failure type="">C:/Development/Java/eclipse_workspace/myprop/src/main/webapp/bower_components/angular/angular.js:9:139506
forEach@C:/Development/Java/eclipse_workspace/myprop/src/main/webapp/bower_components/angular/angular.js:9:7090
loadModules@C:/Development/Java/eclipse_workspace/myprop/src/main/webapp/bower_components/angular/angular.js:9:136717
createInjector@C:/Development/Java/eclipse_workspace/myprop/src/main/webapp/bower_components/angular/angular.js:9:132123
workFn@C:/Development/Java/eclipse_workspace/myprop/src/main/webapp/bower_components/angular-mocks/angular-mocks.js:9:155386
inject@C:/Development/Java/eclipse_workspace/myprop/src/main/webapp/bower_components/angular-mocks/angular-mocks.js:9:153895
mockApiAccountCall@C:/Development/Java/eclipse_workspace/myprop/src/test/javascript/spec/helpers/httpBackend.js:9:113
</failure>
    <failure type="">C:/Development/Java/eclipse_workspace/myprop/src/main/webapp/bower_components/angular/angular.js:9:139506
forEach@C:/Development/Java/eclipse_workspace/myprop/src/main/webapp/bower_components/angular/angular.js:9:7090
loadModules@C:/Development/Java/eclipse_workspace/myprop/src/main/webapp/bower_components/angular/angular.js:9:136717
createInjector@C:/Development/Java/eclipse_workspace/myprop/src/main/webapp/bower_components/angular/angular.js:9:132123
workFn@C:/Development/Java/eclipse_workspace/myprop/src/main/webapp/bower_components/angular-mocks/angular-mocks.js:9:155386
inject@C:/Development/Java/eclipse_workspace/myprop/src/main/webapp/bower_components/angular-mocks/angular-mocks.js:9:153895
mockI18nCalls@C:/Development/Java/eclipse_workspace/myprop/src/test/javascript/spec/helpers/httpBackend.js:9:375
</failure>
    <failure type="">C:/Development/Java/eclipse_workspace/myprop/src/main/webapp/bower_components/angular/angular.js:9:139506
forEach@C:/Development/Java/eclipse_workspace/myprop/src/main/webapp/bower_components/angular/angular.js:9:7090
loadModules@C:/Development/Java/eclipse_workspace/myprop/src/main/webapp/bower_components/angular/angular.js:9:136717
createInjector@C:/Development/Java/eclipse_workspace/myprop/src/main/webapp/bower_components/angular/angular.js:9:132123
workFn@C:/Development/Java/eclipse_workspace/myprop/src/main/webapp/bower_components/angular-mocks/angular-mocks.js:9:155386
</failure>
    <failure type="">TypeError: undefined is not an object (evaluating 'MockPrincipal.identity') in C:/Development/Java/eclipse_workspace/myprop/src/test/javascript/spec/app/account/settings/settings.controller.spec.js (line 9)
C:/Development/Java/eclipse_workspace/myprop/src/test/javascript/spec/app/account/settings/settings.controller.spec.js:9:2845
</failure>
  </testcase>
  <testcase name="Controller Tests SettingsController should notify of error upon failed save" time="0.045" classname="PhantomJS_2_1_1_(Windows_7_0_0_0).Controller Tests">
    <failure type="">C:/Development/Java/eclipse_workspace/myprop/src/main/webapp/bower_components/angular/angular.js:9:139506
forEach@C:/Development/Java/eclipse_workspace/myprop/src/main/webapp/bower_components/angular/angular.js:9:7090
loadModules@C:/Development/Java/eclipse_workspace/myprop/src/main/webapp/bower_components/angular/angular.js:9:136717
createInjector@C:/Development/Java/eclipse_workspace/myprop/src/main/webapp/bower_components/angular/angular.js:9:132123
workFn@C:/Development/Java/eclipse_workspace/myprop/src/main/webapp/bower_components/angular-mocks/angular-mocks.js:9:155386
inject@C:/Development/Java/eclipse_workspace/myprop/src/main/webapp/bower_components/angular-mocks/angular-mocks.js:9:153895
mockApiAccountCall@C:/Development/Java/eclipse_workspace/myprop/src/test/javascript/spec/helpers/httpBackend.js:9:113
</failure>
    <failure type="">C:/Development/Java/eclipse_workspace/myprop/src/main/webapp/bower_components/angular/angular.js:9:139506
forEach@C:/Development/Java/eclipse_workspace/myprop/src/main/webapp/bower_components/angular/angular.js:9:7090
loadModules@C:/Development/Java/eclipse_workspace/myprop/src/main/webapp/bower_components/angular/angular.js:9:136717
createInjector@C:/Development/Java/eclipse_workspace/myprop/src/main/webapp/bower_components/angular/angular.js:9:132123
workFn@C:/Development/Java/eclipse_workspace/myprop/src/main/webapp/bower_components/angular-mocks/angular-mocks.js:9:155386
inject@C:/Development/Java/eclipse_workspace/myprop/src/main/webapp/bower_components/angular-mocks/angular-mocks.js:9:153895
mockI18nCalls@C:/Development/Java/eclipse_workspace/myprop/src/test/javascript/spec/helpers/httpBackend.js:9:375
</failure>
    <failure type="">C:/Development/Java/eclipse_workspace/myprop/src/main/webapp/bower_components/angular/angular.js:9:139506
forEach@C:/Development/Java/eclipse_workspace/myprop/src/main/webapp/bower_components/angular/angular.js:9:7090
loadModules@C:/Development/Java/eclipse_workspace/myprop/src/main/webapp/bower_components/angular/angular.js:9:136717
createInjector@C:/Development/Java/eclipse_workspace/myprop/src/main/webapp/bower_components/angular/angular.js:9:132123
workFn@C:/Development/Java/eclipse_workspace/myprop/src/main/webapp/bower_components/angular-mocks/angular-mocks.js:9:155386
</failure>
    <failure type="">TypeError: undefined is not an object (evaluating 'MockPrincipal.identity') in C:/Development/Java/eclipse_workspace/myprop/src/test/javascript/spec/app/account/settings/settings.controller.spec.js (line 9)
C:/Development/Java/eclipse_workspace/myprop/src/test/javascript/spec/app/account/settings/settings.controller.spec.js:9:3455
</failure>
  </testcase>
  <testcase name="Controller Tests JhiHealthCheckController baseName and subSystemName should return the basename when it has no sub system" time="0.014" classname="PhantomJS_2_1_1_(Windows_7_0_0_0).Controller Tests">
    <failure type="">C:/Development/Java/eclipse_workspace/myprop/src/main/webapp/bower_components/angular/angular.js:9:139506
forEach@C:/Development/Java/eclipse_workspace/myprop/src/main/webapp/bower_components/angular/angular.js:9:7090
loadModules@C:/Development/Java/eclipse_workspace/myprop/src/main/webapp/bower_components/angular/angular.js:9:136717
createInjector@C:/Development/Java/eclipse_workspace/myprop/src/main/webapp/bower_components/angular/angular.js:9:132123
workFn@C:/Development/Java/eclipse_workspace/myprop/src/main/webapp/bower_components/angular-mocks/angular-mocks.js:9:155386
</failure>
    <failure type="">TypeError: undefined is not an object (evaluating '$scope.vm') in C:/Development/Java/eclipse_workspace/myprop/src/test/javascript/spec/app/admin/health/health.controller.spec.js (line 9)
C:/Development/Java/eclipse_workspace/myprop/src/test/javascript/spec/app/admin/health/health.controller.spec.js:9:1514
</failure>
  </testcase>
  <testcase name="Controller Tests JhiHealthCheckController baseName and subSystemName should return the basename when it has sub systems" time="0.013" classname="PhantomJS_2_1_1_(Windows_7_0_0_0).Controller Tests">
    <failure type="">C:/Development/Java/eclipse_workspace/myprop/src/main/webapp/bower_components/angular/angular.js:9:139506
forEach@C:/Development/Java/eclipse_workspace/myprop/src/main/webapp/bower_components/angular/angular.js:9:7090
loadModules@C:/Development/Java/eclipse_workspace/myprop/src/main/webapp/bower_components/angular/angular.js:9:136717
createInjector@C:/Development/Java/eclipse_workspace/myprop/src/main/webapp/bower_components/angular/angular.js:9:132123
workFn@C:/Development/Java/eclipse_workspace/myprop/src/main/webapp/bower_components/angular-mocks/angular-mocks.js:9:155386
</failure>
    <failure type="">TypeError: undefined is not an object (evaluating '$scope.vm') in C:/Development/Java/eclipse_workspace/myprop/src/test/javascript/spec/app/admin/health/health.controller.spec.js (line 9)
C:/Development/Java/eclipse_workspace/myprop/src/test/javascript/spec/app/admin/health/health.controller.spec.js:9:2825
</failure>
  </testcase>
  <testcase name="Controller Tests JhiHealthCheckController baseName and subSystemName should return the sub system name" time="0.011" classname="PhantomJS_2_1_1_(Windows_7_0_0_0).Controller Tests">
    <failure type="">C:/Development/Java/eclipse_workspace/myprop/src/main/webapp/bower_components/angular/angular.js:9:139506
forEach@C:/Development/Java/eclipse_workspace/myprop/src/main/webapp/bower_components/angular/angular.js:9:7090
loadModules@C:/Development/Java/eclipse_workspace/myprop/src/main/webapp/bower_components/angular/angular.js:9:136717
createInjector@C:/Development/Java/eclipse_workspace/myprop/src/main/webapp/bower_components/angular/angular.js:9:132123
workFn@C:/Development/Java/eclipse_workspace/myprop/src/main/webapp/bower_components/angular-mocks/angular-mocks.js:9:155386
</failure>
    <failure type="">TypeError: undefined is not an object (evaluating '$scope.vm') in C:/Development/Java/eclipse_workspace/myprop/src/test/javascript/spec/app/admin/health/health.controller.spec.js (line 9)
C:/Development/Java/eclipse_workspace/myprop/src/test/javascript/spec/app/admin/health/health.controller.spec.js:9:3059
</failure>
  </testcase>
  <testcase name="Controller Tests JhiHealthCheckController baseName and subSystemName should return the subsystem when it has multiple keys" time="0.012" classname="PhantomJS_2_1_1_(Windows_7_0_0_0).Controller Tests">
    <failure type="">C:/Development/Java/eclipse_workspace/myprop/src/main/webapp/bower_components/angular/angular.js:9:139506
forEach@C:/Development/Java/eclipse_workspace/myprop/src/main/webapp/bower_components/angular/angular.js:9:7090
loadModules@C:/Development/Java/eclipse_workspace/myprop/src/main/webapp/bower_components/angular/angular.js:9:136717
createInjector@C:/Development/Java/eclipse_workspace/myprop/src/main/webapp/bower_components/angular/angular.js:9:132123
workFn@C:/Development/Java/eclipse_workspace/myprop/src/main/webapp/bower_components/angular-mocks/angular-mocks.js:9:155386
</failure>
    <failure type="">TypeError: undefined is not an object (evaluating '$scope.vm') in C:/Development/Java/eclipse_workspace/myprop/src/test/javascript/spec/app/admin/health/health.controller.spec.js (line 9)
C:/Development/Java/eclipse_workspace/myprop/src/test/javascript/spec/app/admin/health/health.controller.spec.js:9:3302
</failure>
  </testcase>
  <testcase name="Controller Tests JhiHealthCheckController transformHealthData should flatten empty health data" time="0.01" classname="PhantomJS_2_1_1_(Windows_7_0_0_0).Controller Tests">
    <failure type="">C:/Development/Java/eclipse_workspace/myprop/src/main/webapp/bower_components/angular/angular.js:9:139506
forEach@C:/Development/Java/eclipse_workspace/myprop/src/main/webapp/bower_components/angular/angular.js:9:7090
loadModules@C:/Development/Java/eclipse_workspace/myprop/src/main/webapp/bower_components/angular/angular.js:9:136717
createInjector@C:/Development/Java/eclipse_workspace/myprop/src/main/webapp/bower_components/angular/angular.js:9:132123
workFn@C:/Development/Java/eclipse_workspace/myprop/src/main/webapp/bower_components/angular-mocks/angular-mocks.js:9:155386
</failure>
    <failure type="">TypeError: undefined is not an object (evaluating 'jhiHealthService.transformHealthData') in C:/Development/Java/eclipse_workspace/myprop/src/test/javascript/spec/app/admin/health/health.controller.spec.js (line 9)
C:/Development/Java/eclipse_workspace/myprop/src/test/javascript/spec/app/admin/health/health.controller.spec.js:9:2723
</failure>
  </testcase>
  <testcase name="Controller Tests JhiHealthCheckController transformHealthData should flatten health data with no subsystems" time="0.01" classname="PhantomJS_2_1_1_(Windows_7_0_0_0).Controller Tests">
    <failure type="">C:/Development/Java/eclipse_workspace/myprop/src/main/webapp/bower_components/angular/angular.js:9:139506
forEach@C:/Development/Java/eclipse_workspace/myprop/src/main/webapp/bower_components/angular/angular.js:9:7090
loadModules@C:/Development/Java/eclipse_workspace/myprop/src/main/webapp/bower_components/angular/angular.js:9:136717
createInjector@C:/Development/Java/eclipse_workspace/myprop/src/main/webapp/bower_components/angular/angular.js:9:132123
workFn@C:/Development/Java/eclipse_workspace/myprop/src/main/webapp/bower_components/angular-mocks/angular-mocks.js:9:155386
</failure>
    <failure type="">TypeError: undefined is not an object (evaluating 'jhiHealthService.transformHealthData') in C:/Development/Java/eclipse_workspace/myprop/src/test/javascript/spec/app/admin/health/health.controller.spec.js (line 9)
C:/Development/Java/eclipse_workspace/myprop/src/test/javascript/spec/app/admin/health/health.controller.spec.js:9:5492
</failure>
  </testcase>
  <testcase name="Controller Tests JhiHealthCheckController transformHealthData should flatten health data with subsystems at level 1, main system has no additional information" time="0.011" classname="PhantomJS_2_1_1_(Windows_7_0_0_0).Controller Tests">
    <failure type="">C:/Development/Java/eclipse_workspace/myprop/src/main/webapp/bower_components/angular/angular.js:9:139506
forEach@C:/Development/Java/eclipse_workspace/myprop/src/main/webapp/bower_components/angular/angular.js:9:7090
loadModules@C:/Development/Java/eclipse_workspace/myprop/src/main/webapp/bower_components/angular/angular.js:9:136717
createInjector@C:/Development/Java/eclipse_workspace/myprop/src/main/webapp/bower_components/angular/angular.js:9:132123
workFn@C:/Development/Java/eclipse_workspace/myprop/src/main/webapp/bower_components/angular-mocks/angular-mocks.js:9:155386
</failure>
    <failure type="">TypeError: undefined is not an object (evaluating 'jhiHealthService.transformHealthData') in C:/Development/Java/eclipse_workspace/myprop/src/test/javascript/spec/app/admin/health/health.controller.spec.js (line 9)
C:/Development/Java/eclipse_workspace/myprop/src/test/javascript/spec/app/admin/health/health.controller.spec.js:9:6559
</failure>
  </testcase>
  <testcase name="Controller Tests JhiHealthCheckController transformHealthData should flatten health data with subsystems at level 1, main system has additional information" time="0.012" classname="PhantomJS_2_1_1_(Windows_7_0_0_0).Controller Tests">
    <failure type="">C:/Development/Java/eclipse_workspace/myprop/src/main/webapp/bower_components/angular/angular.js:9:139506
forEach@C:/Development/Java/eclipse_workspace/myprop/src/main/webapp/bower_components/angular/angular.js:9:7090
loadModules@C:/Development/Java/eclipse_workspace/myprop/src/main/webapp/bower_components/angular/angular.js:9:136717
createInjector@C:/Development/Java/eclipse_workspace/myprop/src/main/webapp/bower_components/angular/angular.js:9:132123
workFn@C:/Development/Java/eclipse_workspace/myprop/src/main/webapp/bower_components/angular-mocks/angular-mocks.js:9:155386
</failure>
    <failure type="">TypeError: undefined is not an object (evaluating 'jhiHealthService.transformHealthData') in C:/Development/Java/eclipse_workspace/myprop/src/test/javascript/spec/app/admin/health/health.controller.spec.js (line 9)
C:/Development/Java/eclipse_workspace/myprop/src/test/javascript/spec/app/admin/health/health.controller.spec.js:9:7731
</failure>
  </testcase>
  <testcase name="Controller Tests JhiHealthCheckController transformHealthData should flatten health data with subsystems at level 1, main system has additional error" time="0.018" classname="PhantomJS_2_1_1_(Windows_7_0_0_0).Controller Tests">
    <failure type="">C:/Development/Java/eclipse_workspace/myprop/src/main/webapp/bower_components/angular/angular.js:9:139506
forEach@C:/Development/Java/eclipse_workspace/myprop/src/main/webapp/bower_components/angular/angular.js:9:7090
loadModules@C:/Development/Java/eclipse_workspace/myprop/src/main/webapp/bower_components/angular/angular.js:9:136717
createInjector@C:/Development/Java/eclipse_workspace/myprop/src/main/webapp/bower_components/angular/angular.js:9:132123
workFn@C:/Development/Java/eclipse_workspace/myprop/src/main/webapp/bower_components/angular-mocks/angular-mocks.js:9:155386
</failure>
    <failure type="">TypeError: undefined is not an object (evaluating 'jhiHealthService.transformHealthData') in C:/Development/Java/eclipse_workspace/myprop/src/test/javascript/spec/app/admin/health/health.controller.spec.js (line 9)
C:/Development/Java/eclipse_workspace/myprop/src/test/javascript/spec/app/admin/health/health.controller.spec.js:9:8859
</failure>
  </testcase>
  <testcase name="Controller Tests LoginController should set remember Me" time="0.011" classname="PhantomJS_2_1_1_(Windows_7_0_0_0).Controller Tests">
    <failure type="">C:/Development/Java/eclipse_workspace/myprop/src/main/webapp/bower_components/angular/angular.js:9:139506
forEach@C:/Development/Java/eclipse_workspace/myprop/src/main/webapp/bower_components/angular/angular.js:9:7090
loadModules@C:/Development/Java/eclipse_workspace/myprop/src/main/webapp/bower_components/angular/angular.js:9:136717
createInjector@C:/Development/Java/eclipse_workspace/myprop/src/main/webapp/bower_components/angular/angular.js:9:132123
workFn@C:/Development/Java/eclipse_workspace/myprop/src/main/webapp/bower_components/angular-mocks/angular-mocks.js:9:155386
</failure>
    <failure type="">TypeError: undefined is not an object (evaluating '$scope.vm') in C:/Development/Java/eclipse_workspace/myprop/src/test/javascript/spec/app/components/login/login.controller.spec.js (line 9)
C:/Development/Java/eclipse_workspace/myprop/src/test/javascript/spec/app/components/login/login.controller.spec.js:9:1173
</failure>
  </testcase>
  <testcase name="Controller Tests Announcement Management Detail Controller Root Scope Listening Unregisters root scope listener upon scope destruction" time="0.012" classname="PhantomJS_2_1_1_(Windows_7_0_0_0).Controller Tests">
    <failure type="">C:/Development/Java/eclipse_workspace/myprop/src/main/webapp/bower_components/angular/angular.js:9:139506
forEach@C:/Development/Java/eclipse_workspace/myprop/src/main/webapp/bower_components/angular/angular.js:9:7090
loadModules@C:/Development/Java/eclipse_workspace/myprop/src/main/webapp/bower_components/angular/angular.js:9:136717
createInjector@C:/Development/Java/eclipse_workspace/myprop/src/main/webapp/bower_components/angular/angular.js:9:132123
workFn@C:/Development/Java/eclipse_workspace/myprop/src/main/webapp/bower_components/angular-mocks/angular-mocks.js:9:155386
</failure>
    <failure type="">TypeError: undefined is not a constructor (evaluating 'createController()') in C:/Development/Java/eclipse_workspace/myprop/src/test/javascript/spec/app/entities/announcement/announcement-detail.controller.spec.js (line 9)
C:/Development/Java/eclipse_workspace/myprop/src/test/javascript/spec/app/entities/announcement/announcement-detail.controller.spec.js:9:2007
</failure>
  </testcase>
  <testcase name="Controller Tests MyAccount Management Detail Controller Root Scope Listening Unregisters root scope listener upon scope destruction" time="0.014" classname="PhantomJS_2_1_1_(Windows_7_0_0_0).Controller Tests">
    <failure type="">C:/Development/Java/eclipse_workspace/myprop/src/main/webapp/bower_components/angular/angular.js:9:139506
forEach@C:/Development/Java/eclipse_workspace/myprop/src/main/webapp/bower_components/angular/angular.js:9:7090
loadModules@C:/Development/Java/eclipse_workspace/myprop/src/main/webapp/bower_components/angular/angular.js:9:136717
createInjector@C:/Development/Java/eclipse_workspace/myprop/src/main/webapp/bower_components/angular/angular.js:9:132123
workFn@C:/Development/Java/eclipse_workspace/myprop/src/main/webapp/bower_components/angular-mocks/angular-mocks.js:9:155386
</failure>
    <failure type="">TypeError: undefined is not a constructor (evaluating 'createController()') in C:/Development/Java/eclipse_workspace/myprop/src/test/javascript/spec/app/entities/my-account/my-account-detail.controller.spec.js (line 9)
C:/Development/Java/eclipse_workspace/myprop/src/test/javascript/spec/app/entities/my-account/my-account-detail.controller.spec.js:9:2186
</failure>
  </testcase>
  <testcase name="Controller Tests Unit Management Detail Controller Root Scope Listening Unregisters root scope listener upon scope destruction" time="0.019" classname="PhantomJS_2_1_1_(Windows_7_0_0_0).Controller Tests">
    <failure type="">C:/Development/Java/eclipse_workspace/myprop/src/main/webapp/bower_components/angular/angular.js:9:139506
forEach@C:/Development/Java/eclipse_workspace/myprop/src/main/webapp/bower_components/angular/angular.js:9:7090
loadModules@C:/Development/Java/eclipse_workspace/myprop/src/main/webapp/bower_components/angular/angular.js:9:136717
createInjector@C:/Development/Java/eclipse_workspace/myprop/src/main/webapp/bower_components/angular/angular.js:9:132123
workFn@C:/Development/Java/eclipse_workspace/myprop/src/main/webapp/bower_components/angular-mocks/angular-mocks.js:9:155386
</failure>
    <failure type="">TypeError: undefined is not a constructor (evaluating 'createController()') in C:/Development/Java/eclipse_workspace/myprop/src/test/javascript/spec/app/entities/unit/unit-detail.controller.spec.js (line 9)
C:/Development/Java/eclipse_workspace/myprop/src/test/javascript/spec/app/entities/unit/unit-detail.controller.spec.js:9:2063
</failure>
  </testcase>
  <testcase name="Service Tests Auth should call backend on logout then call authServerProvider.logout" time="0.038" classname="PhantomJS_2_1_1_(Windows_7_0_0_0).Service Tests">
    <failure type="">C:/Development/Java/eclipse_workspace/myprop/src/main/webapp/bower_components/angular/angular.js:9:139506
forEach@C:/Development/Java/eclipse_workspace/myprop/src/main/webapp/bower_components/angular/angular.js:9:7090
loadModules@C:/Development/Java/eclipse_workspace/myprop/src/main/webapp/bower_components/angular/angular.js:9:136717
createInjector@C:/Development/Java/eclipse_workspace/myprop/src/main/webapp/bower_components/angular/angular.js:9:132123
workFn@C:/Development/Java/eclipse_workspace/myprop/src/main/webapp/bower_components/angular-mocks/angular-mocks.js:9:155386
inject@C:/Development/Java/eclipse_workspace/myprop/src/main/webapp/bower_components/angular-mocks/angular-mocks.js:9:153895
mockApiAccountCall@C:/Development/Java/eclipse_workspace/myprop/src/test/javascript/spec/helpers/httpBackend.js:9:113
</failure>
    <failure type="">C:/Development/Java/eclipse_workspace/myprop/src/main/webapp/bower_components/angular/angular.js:9:139506
forEach@C:/Development/Java/eclipse_workspace/myprop/src/main/webapp/bower_components/angular/angular.js:9:7090
loadModules@C:/Development/Java/eclipse_workspace/myprop/src/main/webapp/bower_components/angular/angular.js:9:136717
createInjector@C:/Development/Java/eclipse_workspace/myprop/src/main/webapp/bower_components/angular/angular.js:9:132123
workFn@C:/Development/Java/eclipse_workspace/myprop/src/main/webapp/bower_components/angular-mocks/angular-mocks.js:9:155386
inject@C:/Development/Java/eclipse_workspace/myprop/src/main/webapp/bower_components/angular-mocks/angular-mocks.js:9:153895
mockI18nCalls@C:/Development/Java/eclipse_workspace/myprop/src/test/javascript/spec/helpers/httpBackend.js:9:375
</failure>
    <failure type="">C:/Development/Java/eclipse_workspace/myprop/src/main/webapp/bower_components/angular/angular.js:9:139506
forEach@C:/Development/Java/eclipse_workspace/myprop/src/main/webapp/bower_components/angular/angular.js:9:7090
loadModules@C:/Development/Java/eclipse_workspace/myprop/src/main/webapp/bower_components/angular/angular.js:9:136717
createInjector@C:/Development/Java/eclipse_workspace/myprop/src/main/webapp/bower_components/angular/angular.js:9:132123
workFn@C:/Development/Java/eclipse_workspace/myprop/src/main/webapp/bower_components/angular-mocks/angular-mocks.js:9:155386
inject@C:/Development/Java/eclipse_workspace/myprop/src/main/webapp/bower_components/angular-mocks/angular-mocks.js:9:153895
mockScriptsCalls@C:/Development/Java/eclipse_workspace/myprop/src/test/javascript/spec/helpers/httpBackend.js:9:644
</failure>
    <failure type="">C:/Development/Java/eclipse_workspace/myprop/src/main/webapp/bower_components/angular/angular.js:9:139506
forEach@C:/Development/Java/eclipse_workspace/myprop/src/main/webapp/bower_components/angular/angular.js:9:7090
loadModules@C:/Development/Java/eclipse_workspace/myprop/src/main/webapp/bower_components/angular/angular.js:9:136717
createInjector@C:/Development/Java/eclipse_workspace/myprop/src/main/webapp/bower_components/angular/angular.js:9:132123
workFn@C:/Development/Java/eclipse_workspace/myprop/src/main/webapp/bower_components/angular-mocks/angular-mocks.js:9:155386
</failure>
    <failure type="">Error: spyOn could not find an object to spy upon for logout() in C:/Development/Java/eclipse_workspace/myprop/node_modules/jasmine-core/lib/jasmine-core/jasmine.js (line 9)
C:/Development/Java/eclipse_workspace/myprop/src/test/javascript/spec/app/services/auth/auth.services.spec.js:9:1935
</failure>
    <failure type="">TypeError: undefined is not an object (evaluating '$httpBackend.verifyNoOutstandingExpectation') in C:/Development/Java/eclipse_workspace/myprop/src/test/javascript/spec/app/services/auth/auth.services.spec.js (line 9)
C:/Development/Java/eclipse_workspace/myprop/src/test/javascript/spec/app/services/auth/auth.services.spec.js:9:1614
</failure>
  </testcase>
  <system-out>
    <![CDATA[
]]>
  </system-out>
  <system-err/>
</testsuite>